This is pdfTeX, Version 3.1415926-2.3-1.40.12 (MiKTeX 2.9) (preloaded format=latex 2014.4.12)  23 MAY 2014 16:38
entering extended mode
**ALM-Monograph.tex
(D:\coolpan\adbookNew\ALM-Monograph.tex
LaTeX2e <2011/06/27>
Babel <v3.8m> and hyphenation patterns for loaded.
(D:\coolpan\adbookNew\ALMmono.cls

LaTeX Warning: You have requested document class `ALMmono',
               but the document class provides `svmono'.

Document Class: svmono 2006/10/31 v4.17 
Springer Verlag global LaTeX document class for monographs
Class Springer-SVMono Info: extra/valid Springer sub-package 
(Springer-SVMono)           not found in option list - using "global" style.
(C:\CTEX\MiKTeX\tex\latex\base\article.cls
Document Class: article 2007/10/19 v1.4h Standard LaTeX document class
(C:\CTEX\MiKTeX\tex\latex\base\size10.clo
File: size10.clo 2007/10/19 v1.4h Standard LaTeX file (size option)
)
\c@part=\count79
\c@section=\count80
\c@subsection=\count81
\c@subsubsection=\count82
\c@paragraph=\count83
\c@subparagraph=\count84
\c@figure=\count85
\c@table=\count86
\abovecaptionskip=\skip41
\belowcaptionskip=\skip42
\bibindent=\dimen102
)
\betweenumberspace=\dimen103
\headlineindent=\dimen104
\c@chapter=\count87
\chapstarthookwidth=\dimen105
\svitemindent=\dimen106
\verbatimindent=\dimen107
LaTeX Font Info:    Redeclaring math symbol \Gamma on input line 638.
LaTeX Font Info:    Redeclaring math symbol \Delta on input line 639.
LaTeX Font Info:    Redeclaring math symbol \Theta on input line 640.
LaTeX Font Info:    Redeclaring math symbol \Lambda on input line 641.
LaTeX Font Info:    Redeclaring math symbol \Xi on input line 642.
LaTeX Font Info:    Redeclaring math symbol \Pi on input line 643.
LaTeX Font Info:    Redeclaring math symbol \Sigma on input line 644.
LaTeX Font Info:    Redeclaring math symbol \Upsilon on input line 645.
LaTeX Font Info:    Redeclaring math symbol \Phi on input line 646.
LaTeX Font Info:    Redeclaring math symbol \Psi on input line 647.
LaTeX Font Info:    Redeclaring math symbol \Omega on input line 648.
\tocchpnum=\dimen108
\tocsecnum=\dimen109
\tocsectotal=\dimen110
\tocsubsecnum=\dimen111
\tocsubsectotal=\dimen112
\tocsubsubsecnum=\dimen113
\tocsubsubsectotal=\dimen114
\tocparanum=\dimen115
\tocparatotal=\dimen116
\tocsubparanum=\dimen117
\foot@parindent=\dimen118
\spthmsep=\dimen119
\c@theorem=\count88
\instindent=\dimen120
\figgap=\dimen121
\figcapgap=\dimen122
\tabcapgap=\dimen123
\c@merk=\count89
)
(C:\CTEX\MiKTeX\tex\latex\tools\bm.sty
Package: bm 2004/02/26 v1.1c Bold Symbol Support (DPC/FMi)
\symboldoperators=\mathgroup4
\symboldletters=\mathgroup5
\symboldsymbols=\mathgroup6
LaTeX Font Info:    Redeclaring math alphabet \mathbf on input line 138.
LaTeX Info: Redefining \bm on input line 204.
)
(C:\CTEX\MiKTeX\tex\latex\wrapfig\wrapfig.sty
\wrapoverhang=\dimen124
\WF@size=\dimen125
\c@WF@wrappedlines=\count90
\WF@box=\box26
\WF@everypar=\toks14
Package: wrapfig 2003/01/31  v 3.6
)
(C:\CTEX\MiKTeX\tex\latex\picins\picins.sty
Option `picins' Version 3.0 Sep. 1992, TH Darmstadt/HRZ
\@BILD=\box27
\@TEXT=\box28
\d@breite=\dimen126
\d@hoehe=\dimen127
\d@xoff=\dimen128
\d@yoff=\dimen129
\d@shad=\dimen130
\d@dash=\dimen131
\d@boxl=\dimen132
\d@pichskip=\dimen133
\d@tmp=\dimen134
\d@tmpa=\dimen135
\d@bskip=\dimen136
\hsiz@=\dimen137
\p@getot@l=\dimen138
\c@breite=\count91
\c@hoehe=\count92
\c@xoff=\count93
\c@yoff=\count94
\c@pos=\count95
\c@shad=\count96
\c@dash=\count97
\c@boxl=\count98
\c@zeilen=\count99
\@changemode=\count100
\c@piccaption=\count101
\c@piccaptionpos=\count102
\c@picpos=\count103
\c@whole=\count104
\c@half=\count105
\c@tmp=\count106
\c@tmpa=\count107
\c@tmpb=\count108
\c@tmpc=\count109
\c@tmpd=\count110
\d@leftskip=\skip43
\ptoti=\dimen139
\ptotii=\dimen140
\env@box=\box29
\d@envdp=\dimen141
\c@hsize=\count111
\c@envdp=\count112
\d@envb=\dimen142
)
(C:\CTEX\MiKTeX\tex\latex\sidecap\sidecap.sty
Package: sidecap 2003/06/06 v1.6f SideCap Package (RN/HjG)

(C:\CTEX\MiKTeX\tex\latex\base\ifthen.sty
Package: ifthen 2001/05/26 v1.1c Standard LaTeX ifthen package (DPC)
)
\SC@BOXWD=\dimen143
\SC@CAPWD=\dimen144
\SC@tempdima=\dimen145
\SC@tempdimb=\dimen146
\c@SC@C=\count113
\SC@BOX=\box30
)
(C:\CTEX\MiKTeX\tex\latex\picinpar\picinpar.sty
Pictures in Paragraphs. Version 1.2a, July 13, 1993
\br=\count114
\bl=\count115
\na=\count116
\nb=\count117
\tcdsav=\count118
\tcl=\count119
\tcd=\count120
\tcn=\count121
\cumtcl=\count122
\cumpartcl=\count123
\lftside=\dimen147
\rtside=\dimen148
\hpic=\dimen149
\vpic=\dimen150
\strutilg=\dimen151
\picwd=\dimen152
\topheight=\dimen153
\ilg=\dimen154
\lpic=\dimen155
\lwindowsep=\dimen156
\rwindowsep=\dimen157
\cumpar=\dimen158
\twa=\toks15
\la=\toks16
\ra=\toks17
\ha=\toks18
\pictoc=\toks19
\rawtext=\box31
\holder=\box32
\windowbox=\box33
\wartext=\box34
\finaltext=\box35
\aslice=\box36
\bslice=\box37
\wbox=\box38
\wstrutbox=\box39
\picbox=\box40
\waslice=\box41
\wbslice=\box42
\fslice=\box43
) (C:\CTEX\MiKTeX\tex\latex\base\makeidx.sty
Package: makeidx 2000/03/29 v1.0m Standard LaTeX package
)
(C:\CTEX\MiKTeX\tex\latex\graphics\graphicx.sty
Package: graphicx 1999/02/16 v1.0f Enhanced LaTeX Graphics (DPC,SPQR)

(C:\CTEX\MiKTeX\tex\latex\graphics\keyval.sty
Package: keyval 1999/03/16 v1.13 key=value parser (DPC)
\KV@toks@=\toks20
)
(C:\CTEX\MiKTeX\tex\latex\graphics\graphics.sty
Package: graphics 2009/02/05 v1.0o Standard LaTeX Graphics (DPC,SPQR)

(C:\CTEX\MiKTeX\tex\latex\graphics\trig.sty
Package: trig 1999/03/16 v1.09 sin cos tan (DPC)
)
(C:\CTEX\MiKTeX\tex\latex\00miktex\graphics.cfg
File: graphics.cfg 2007/01/18 v1.5 graphics configuration of teTeX/TeXLive
)
Package graphics Info: Driver file: dvips.def on input line 91.

(C:\CTEX\MiKTeX\tex\latex\graphics\dvips.def
File: dvips.def 1999/02/16 v3.0i Driver-dependant file (DPC,SPQR)
))
\Gin@req@height=\dimen159
\Gin@req@width=\dimen160
)
(C:\CTEX\MiKTeX\tex\latex\curves\curves.sty
Package: curves 2009/08/31 1.53 Curves for LaTeX picture environment
\;sc=\count124
\;scp=\count125
\;t=\count126
\;cc=\count127
\;cnd=\count128
\;mcnd=\count129
\;np=\count130
\;overhang=\count131
\;pbs=\count132
\;pns=\count133
\;psc=\count134
\;rc=\count135
\;rtc=\count136
\;tc=\count137
\csdiameter=\skip44
\curvelength=\skip45
\overhang=\skip46
\;x=\skip47
\;dx=\skip48
\;ddx=\skip49
\;y=\skip50
\;dy=\skip51
\;ddy=\skip52
\;pl=\skip53
\;ucd=\skip54
\;csbox=\box44
\;pt=\box45
\;strline=\toks21
\m;ssingcoord=\toks22
\;negdash=\toks23
\;oddcoord=\toks24
\;wc=\count138
\;X=\skip55
\;Y=\skip56
)
(C:\CTEX\MiKTeX\tex\latex\eepic\epic.sty
Enhancements to Picture Environment. Version 1.2 - Released June 1, 1986
\@@multicnt=\count139
\d@lta=\count140
\@delta=\dimen161
\@@delta=\dimen162
\@gridcnt=\count141
\@joinkind=\count142
\@dotgap=\dimen163
\@ddotgap=\dimen164
\@x@diff=\count143
\@y@diff=\count144
\x@diff=\dimen165
\y@diff=\dimen166
\@dotbox=\box46
\num@segments=\count145
\num@segmentsi=\count146
\@datafile=\read1
) (C:\CTEX\MiKTeX\tex\latex\eepic\eepic.sty
Extension to Epic and LaTeX. Version 1.1e - Released Dec 21, 1999
\@gphlinewidth=\count147
\@eepictcnt=\count148
\@tempdimc=\dimen167
\maxovaldiam=\dimen168
\@filltype=\box47
) (C:\CTEX\MiKTeX\tex\latex\tools\multicol.sty
Package: multicol 2011/06/27 v1.7a multicolumn formatting (FMi)
\c@tracingmulticols=\count149
\mult@box=\box48
\multicol@leftmargin=\dimen169
\c@unbalance=\count150
\c@collectmore=\count151
\doublecol@number=\count152
\multicoltolerance=\count153
\multicolpretolerance=\count154
\full@width=\dimen170
\page@free=\dimen171
\premulticols=\dimen172
\postmulticols=\dimen173
\multicolsep=\skip57
\multicolbaselineskip=\skip58
\partial@page=\box49
\last@line=\box50
\mult@rightbox=\box51
\mult@grightbox=\box52
\mult@gfirstbox=\box53
\mult@firstbox=\box54
\@tempa=\box55
\@tempa=\box56
\@tempa=\box57
\@tempa=\box58
\@tempa=\box59
\@tempa=\box60
\@tempa=\box61
\@tempa=\box62
\@tempa=\box63
\@tempa=\box64
\@tempa=\box65
\@tempa=\box66
\@tempa=\box67
\@tempa=\box68
\@tempa=\box69
\@tempa=\box70
\@tempa=\box71
\c@columnbadness=\count155
\c@finalcolumnbadness=\count156
\last@try=\dimen174
\multicolovershoot=\dimen175
\multicolundershoot=\dimen176
\mult@nat@firstbox=\box72
\colbreak@box=\box73
\multicol@sort@counter=\count157
)
(C:\CTEX\MiKTeX\tex\latex\footmisc\footmisc.sty
Package: footmisc 2011/06/06 v5.5b a miscellany of footnote facilities
\FN@temptoken=\toks25
\footnotemargin=\dimen177
\c@pp@next@reset=\count158
Package footmisc Info: Declaring symbol style bringhurst on input line 855.
Package footmisc Info: Declaring symbol style chicago on input line 863.
Package footmisc Info: Declaring symbol style wiley on input line 872.
Package footmisc Info: Declaring symbol style lamport-robust on input line 883.

Package footmisc Info: Declaring symbol style lamport* on input line 903.
Package footmisc Info: Declaring symbol style lamport*-robust on input line 924
.
)
(C:\CTEX\MiKTeX\tex\latex\graphics\epsfig.sty
Package: epsfig 1999/02/16 v1.7a (e)psfig emulation (SPQR)
\epsfxsize=\dimen178
\epsfysize=\dimen179
)
(C:\CTEX\MiKTeX\tex\latex\ams\math\amsbsy.sty
Package: amsbsy 1999/11/29 v1.2d

(C:\CTEX\MiKTeX\tex\latex\ams\math\amsgen.sty
File: amsgen.sty 1999/11/30 v2.0
\@emptytoks=\toks26
\ex@=\dimen180
)
LaTeX Info: Redefining \boldsymbol on input line 54.
\pmbraise@=\dimen181
)
(C:\CTEX\MiKTeX\tex\latex\ams\math\amsmath.sty
Package: amsmath 2000/07/18 v2.13 AMS math features
\@mathmargin=\skip59

For additional information on amsmath, use the `?' option.
(C:\CTEX\MiKTeX\tex\latex\ams\math\amstext.sty
Package: amstext 2000/06/29 v2.01
)
(C:\CTEX\MiKTeX\tex\latex\ams\math\amsopn.sty
Package: amsopn 1999/12/14 v2.01 operator names
)
\inf@bad=\count159
LaTeX Info: Redefining \frac on input line 211.
\uproot@=\count160
\leftroot@=\count161
LaTeX Info: Redefining \overline on input line 307.
\classnum@=\count162
\DOTSCASE@=\count163
LaTeX Info: Redefining \ldots on input line 379.
LaTeX Info: Redefining \dots on input line 382.
LaTeX Info: Redefining \cdots on input line 467.
\Mathstrutbox@=\box74
\strutbox@=\box75
\big@size=\dimen182
LaTeX Font Info:    Redeclaring font encoding OML on input line 567.
LaTeX Font Info:    Redeclaring font encoding OMS on input line 568.


Package amsmath Warning: Unable to redefine math accent \vec.

\macc@depth=\count164
\c@MaxMatrixCols=\count165
\dotsspace@=\muskip10
\c@parentequation=\count166
\dspbrk@lvl=\count167
\tag@help=\toks27
\row@=\count168
\column@=\count169
\maxfields@=\count170
\andhelp@=\toks28
\eqnshift@=\dimen183
\alignsep@=\dimen184
\tagshift@=\dimen185
\tagwidth@=\dimen186
\totwidth@=\dimen187
\lineht@=\dimen188
\@envbody=\toks29
\multlinegap=\skip60
\multlinetaggap=\skip61
\mathdisplay@stack=\toks30
LaTeX Info: Redefining \[ on input line 2666.
LaTeX Info: Redefining \] on input line 2667.
) (C:\CTEX\MiKTeX\tex\latex\rotating\rotating.sty
Package: rotating 2009/03/28 v2.16a rotated objects in LaTeX
\c@r@tfl@t=\count171
\rotFPtop=\skip62
\rotFPbot=\skip63
\rot@float@box=\box76
\rot@mess@toks=\toks31
)
(C:\CTEX\MiKTeX\tex\latex\psfrag\psfrag.sty
Package: psfrag 1998/04/11 v3.04 PSfrag (MCG)
\pfg@pcount=\count172
\pfg@scount=\count173
\pfg@temp=\write3
)
(C:\CTEX\MiKTeX\tex\latex\ams\math\amscd.sty
Package: amscd 1999/11/29 v2.0
\athelp@=\toks32
\minaw@=\dimen189
\bigaw@=\dimen190
\minCDarrowwidth=\dimen191
)
(D:\coolpan\adbookNew\clrscode.sty
Package: clrscode 
 (C:\CTEX\MiKTeX\tex\latex\base\latexsym.sty
Package: latexsym 1998/08/17 v2.2e Standard LaTeX package (lasy symbols)
\symlasy=\mathgroup7
LaTeX Font Info:    Overwriting symbol font `lasy' in version `bold'
(Font)                  U/lasy/m/n --> U/lasy/b/n on input line 47.
)
\c@codelinenumber=\count174
\c@indent=\count175
\digitwidth=\skip64
\savecode=\box77
\codeboxwidth=\skip65
\c@thisindent=\count176
) (C:\CTEX\MiKTeX\tex\latex\algorithms\algorithm.sty
Package: algorithm 2009/08/24 v0.1 Document Style `algorithm' - floating enviro
nment

(C:\CTEX\MiKTeX\tex\latex\float\float.sty
Package: float 2001/11/08 v1.3d Float enhancements (AL)
\c@float@type=\count177
\float@exts=\toks33
\float@box=\box78
\@float@everytoks=\toks34
\@floatcapt=\box79
)
\@float@every@algorithm=\toks35
\c@algorithm=\count178
)
(C:\CTEX\MiKTeX\tex\latex\algorithms\algorithmic.sty
Package: algorithmic 2009/08/24 v0.1 Document Style `algorithmic'
\c@ALC@unique=\count179
\c@ALC@line=\count180
\c@ALC@rem=\count181
\c@ALC@depth=\count182
\ALC@tlm=\skip66
\algorithmicindent=\skip67
)
(C:\CTEX\MiKTeX\tex\latex\psnfss\mathptmx.sty
Package: mathptmx 2005/04/12 PSNFSS-v9.2a Times w/ Math, improved (SPQR, WaS) 
LaTeX Font Info:    Redeclaring symbol font `operators' on input line 28.
LaTeX Font Info:    Overwriting symbol font `operators' in version `normal'
(Font)                  OT1/cmr/m/n --> OT1/ztmcm/m/n on input line 28.
LaTeX Font Info:    Overwriting symbol font `operators' in version `bold'
(Font)                  OT1/cmr/bx/n --> OT1/ztmcm/m/n on input line 28.
LaTeX Font Info:    Redeclaring symbol font `letters' on input line 29.
LaTeX Font Info:    Overwriting symbol font `letters' in version `normal'
(Font)                  OML/cmm/m/it --> OML/ztmcm/m/it on input line 29.
LaTeX Font Info:    Overwriting symbol font `letters' in version `bold'
(Font)                  OML/cmm/b/it --> OML/ztmcm/m/it on input line 29.
LaTeX Font Info:    Redeclaring symbol font `symbols' on input line 30.
LaTeX Font Info:    Overwriting symbol font `symbols' in version `normal'
(Font)                  OMS/cmsy/m/n --> OMS/ztmcm/m/n on input line 30.
LaTeX Font Info:    Overwriting symbol font `symbols' in version `bold'
(Font)                  OMS/cmsy/b/n --> OMS/ztmcm/m/n on input line 30.
LaTeX Font Info:    Redeclaring symbol font `largesymbols' on input line 31.
LaTeX Font Info:    Overwriting symbol font `largesymbols' in version `normal'
(Font)                  OMX/cmex/m/n --> OMX/ztmcm/m/n on input line 31.
LaTeX Font Info:    Overwriting symbol font `largesymbols' in version `bold'
(Font)                  OMX/cmex/m/n --> OMX/ztmcm/m/n on input line 31.
\symbold=\mathgroup8
\symitalic=\mathgroup9
LaTeX Font Info:    Redeclaring math alphabet \mathbf on input line 34.
LaTeX Font Info:    Redeclaring math alphabet \mathit on input line 35.
LaTeX Font Info:    Overwriting math alphabet `\mathit' in version `normal'
(Font)                  OT1/cmr/m/it --> OT1/ptm/m/it on input line 35.
LaTeX Font Info:    Overwriting math alphabet `\mathit' in version `bold'
(Font)                  OT1/cmr/bx/it --> OT1/ptm/m/it on input line 35.
LaTeX Info: Redefining \hbar on input line 50.
)
(C:\CTEX\MiKTeX\tex\latex\amsfonts\amssymb.sty
Package: amssymb 2009/06/22 v3.00

(C:\CTEX\MiKTeX\tex\latex\amsfonts\amsfonts.sty
Package: amsfonts 2009/06/22 v3.00 Basic AMSFonts support
\symAMSa=\mathgroup10
\symAMSb=\mathgroup11
LaTeX Font Info:    Overwriting math alphabet `\mathfrak' in version `bold'
(Font)                  U/euf/m/n --> U/euf/b/n on input line 96.
))
(C:\CTEX\MiKTeX\tex\latex\jknappen\mathrsfs.sty
Package: mathrsfs 1996/01/01 Math RSFS package v1.0 (jk)
\symrsfs=\mathgroup12
)
(C:\CTEX\MiKTeX\tex\latex\ams\classes\amsthm.sty
Package: amsthm 2004/08/06 v2.20
\thm@style=\toks36
\thm@bodyfont=\toks37
\thm@headfont=\toks38
\thm@notefont=\toks39
\thm@headpunct=\toks40
\thm@preskip=\skip68
\thm@postskip=\skip69
\thm@headsep=\skip70
\dth@everypar=\toks41
LaTeX Info: Redefining \qed on input line 283.
)
(C:\CTEX\MiKTeX\tex\generic\xypic\xy.sty
(C:\CTEX\MiKTeX\tex\generic\xypic\xy.tex Bootstrap'ing: catcodes, docmode,
(C:\CTEX\MiKTeX\tex\generic\xypic\xyrecat.tex)
(C:\CTEX\MiKTeX\tex\generic\xypic\xyidioms.tex)

 Xy-pic version 3.8.6 <2011/05/27>
 Copyright (c) 1991-2011 by Kristoffer H. Rose <krisrose@tug.org>
 Xy-pic is free software: see the User's Guide for details.

Loading kernel: messages; fonts; allocations: state,
\X@c=\dimen192
\Y@c=\dimen193
\U@c=\dimen194
\D@c=\dimen195
\L@c=\dimen196
\R@c=\dimen197
\Edge@c=\toks42
\X@p=\dimen198
\Y@p=\dimen199
\U@p=\dimen200
\D@p=\dimen201
\L@p=\dimen202
\R@p=\dimen203
\Edge@p=\toks43
\X@origin=\dimen204
\Y@origin=\dimen205
\X@xbase=\dimen206
\Y@xbase=\dimen207
\X@ybase=\dimen208
\Y@ybase=\dimen209
\X@min=\dimen210
\Y@min=\dimen211
\X@max=\dimen212
\Y@max=\dimen213
\lastobjectbox@=\box80
\zerodotbox@=\box81
\almostz@=\dimen214
 direction,
\d@X=\dimen215
\d@Y=\dimen216
\K@=\count183
\KK@=\count184
\Direction=\count185
\K@dXdY=\dimen217
\K@dYdX=\dimen218
\xyread@=\read2
\xywrite@=\write4
\csp@=\count186
\quotPTK@=\dimen219

utility macros; pictures: \xy, positions,
\swaptoks@@=\toks44
\connectobjectbox@@=\box82
 objects,
\styletoks@=\toks45
 decorations;
kernel objects: directionals, circles, text; options; algorithms: directions,
edges, connections;  Xy-pic loaded)
(C:\CTEX\MiKTeX\tex\generic\oberdiek\ifpdf.sty
Package: ifpdf 2011/01/30 v2.3 Provides the ifpdf switch (HO)
Package ifpdf Info: pdfTeX in PDF mode is not detected.
)
Package: xy 2011/05/27 Xy-pic version 3.8.6

(C:\CTEX\MiKTeX\tex\generic\xypic\xyall.tex  Xy-pic option: All features v.3.8
(C:\CTEX\MiKTeX\tex\generic\xypic\xycurve.tex
 Xy-pic option: Curve and Spline extension v.3.12 curve,
\crv@cnt@=\count187
\crvpts@=\toks46


Xy-pic Warning: `\curve' redefined.

\splinebox@=\box83
\splineval@=\dimen220
\splinedepth@=\dimen221
\splinetol@=\dimen222
\splinelength@=\dimen223
circles,
\L@=\dimen224
 loaded) (C:\CTEX\MiKTeX\tex\generic\xypic\xyframe.tex
 Xy-pic option: Frame and Bracket extension v.3.13 loaded)
(C:\CTEX\MiKTeX\tex\generic\xypic\xycmtip.tex
 Xy-pic option: Computer Modern tip extension v.3.7
(C:\CTEX\MiKTeX\tex\generic\xypic\xytips.tex
 Xy-pic option: More Tips extension v.3.9 loaded) loaded)
(C:\CTEX\MiKTeX\tex\generic\xypic\xyline.tex
 Xy-pic option: Line styles extension v.3.10
\xylinethick@=\dimen225
 loaded)
(C:\CTEX\MiKTeX\tex\generic\xypic\xyrotate.tex
 Xy-pic option: Rotate and Scale extension v.3.8 loaded)
(C:\CTEX\MiKTeX\tex\generic\xypic\xycolor.tex
 Xy-pic option: Colour extension v.3.11 loaded)
(C:\CTEX\MiKTeX\tex\generic\xypic\xymatrix.tex
 Xy-pic option: Matrix feature v.3.14
\Row=\count188
\Col=\count189
\queue@=\toks47
\queue@@=\toks48
\qcount@=\count190
\qcount@@=\count191
\matrixsize@=\count192
 loaded)
(C:\CTEX\MiKTeX\tex\generic\xypic\xyarrow.tex
 Xy-pic option: Arrow and Path feature v.3.9 path, \ar, loaded)
(C:\CTEX\MiKTeX\tex\generic\xypic\xygraph.tex
 Xy-pic option: Graph feature v.3.11 loaded) loaded))
(C:\CTEX\MiKTeX\tex\latex\cjk\CJK.sty
Package: CJK 2008/12/29 4.8.2

(C:\CTEX\MiKTeX\tex\latex\cjk\mule\MULEenc.sty
Package: MULEenc 2008/12/29 4.8.2
)
(C:\CTEX\MiKTeX\tex\latex\cjk\CJK.enc
File: CJK.enc 2008/12/29 4.8.2
)
LaTeX Info: Redefining \selectfont on input line 756.
\CJK@indent=\box84
)
(C:\CTEX\MiKTeX\tex\latex\listings\listings.sty
\lst@mode=\count193
\lst@gtempboxa=\box85
\lst@token=\toks49
\lst@length=\count194
\lst@currlwidth=\dimen226
\lst@column=\count195
\lst@pos=\count196
\lst@lostspace=\dimen227
\lst@width=\dimen228
\lst@newlines=\count197
\lst@lineno=\count198
\lst@maxwidth=\dimen229

(C:\CTEX\MiKTeX\tex\latex\listings\lstmisc.sty
File: lstmisc.sty 2007/02/22 1.4 (Carsten Heinz)
\c@lstnumber=\count199
\lst@skipnumbers=\count200
\lst@framebox=\box86
)
(C:\CTEX\MiKTeX\tex\latex\listings\listings.cfg
File: listings.cfg 2007/02/22 1.4 listings configuration
))
Package: listings 2007/02/22 1.4 (Carsten Heinz)

(C:\CTEX\MiKTeX\tex\latex\cjk\standard.bdg
File: standard.bdg 2008/12/29 4.8.2
)
(C:\CTEX\MiKTeX\tex\latex\cjk\extended.enc
File: extended.enc 2008/12/29 4.8.2
)
(C:\CTEX\MiKTeX\tex\latex\cjk\extended.chr
File: extended.chr 2008/12/29 4.8.2
)
\@indexfile=\write5

Writing index file ALM-Monograph.idx
\c@thm=\count201
(D:\coolpan\adbookNew\ALM-Monograph.aux (D:\coolpan\adbookNew\preface.aux)
(D:\coolpan\adbookNew\ch1.aux) (D:\coolpan\adbookNew\ch2.aux)
(D:\coolpan\adbookNew\ch3.aux) (D:\coolpan\adbookNew\ch4.aux)
(D:\coolpan\adbookNew\ch5.aux) (D:\coolpan\adbookNew\ch6.aux)
(D:\coolpan\adbookNew\ch7.aux

LaTeX Warning: Label `table_exp' multiply defined.


LaTeX Warning: Label `def' multiply defined.

) (D:\coolpan\adbookNew\ch8.aux

LaTeX Warning: Label `table_exp' multiply defined.

) (D:\coolpan\adbookNew\ch9.aux) (D:\coolpan\adbookNew\ch10.aux

LaTeX Warning: Label `SNE' multiply defined.


LaTeX Warning: Label `GSP' multiply defined.


LaTeX Warning: Label `VCG' multiply defined.


LaTeX Warning: Label `decomp' multiply defined.


LaTeX Warning: Label `regret' multiply defined.


LaTeX Warning: Label `regret' multiply defined.


LaTeX Warning: Label `fig_ss' multiply defined.

) (D:\coolpan\adbookNew\ch11.aux) (D:\coolpan\adbookNew\ch12.aux

LaTeX Warning: Label `fig_creative' multiply defined.

))
LaTeX Font Info:    Checking defaults for OML/cmm/m/it on input line 123.
LaTeX Font Info:    ... okay on input line 123.
LaTeX Font Info:    Checking defaults for T1/cmr/m/n on input line 123.
LaTeX Font Info:    ... okay on input line 123.
LaTeX Font Info:    Checking defaults for OT1/cmr/m/n on input line 123.
LaTeX Font Info:    ... okay on input line 123.
LaTeX Font Info:    Checking defaults for OMS/cmsy/m/n on input line 123.
LaTeX Font Info:    ... okay on input line 123.
LaTeX Font Info:    Checking defaults for OMX/cmex/m/n on input line 123.
LaTeX Font Info:    ... okay on input line 123.
LaTeX Font Info:    Checking defaults for U/cmr/m/n on input line 123.
LaTeX Font Info:    ... okay on input line 123.
LaTeX Font Info:    Checking defaults for C00/song/m/n on input line 123.
LaTeX Font Info:    ... okay on input line 123.
LaTeX Font Info:    Checking defaults for C05/song/m/n on input line 123.
LaTeX Font Info:    ... okay on input line 123.
LaTeX Font Info:    Checking defaults for C09/song/m/n on input line 123.
LaTeX Font Info:    ... okay on input line 123.
LaTeX Font Info:    Checking defaults for C10/song/m/n on input line 123.
LaTeX Font Info:    ... okay on input line 123.
LaTeX Font Info:    Checking defaults for C20/song/m/n on input line 123.
LaTeX Font Info:    ... okay on input line 123.
LaTeX Font Info:    Checking defaults for C19/song/m/n on input line 123.
LaTeX Font Info:    ... okay on input line 123.
LaTeX Font Info:    Checking defaults for C40/song/m/n on input line 123.
LaTeX Font Info:    ... okay on input line 123.
LaTeX Font Info:    Checking defaults for C42/song/m/n on input line 123.
LaTeX Font Info:    ... okay on input line 123.
LaTeX Font Info:    Checking defaults for C43/song/m/n on input line 123.
LaTeX Font Info:    ... okay on input line 123.
LaTeX Font Info:    Checking defaults for C50/song/m/n on input line 123.
LaTeX Font Info:    ... okay on input line 123.
LaTeX Font Info:    Checking defaults for C52/song/m/n on input line 123.
LaTeX Font Info:    ... okay on input line 123.
LaTeX Font Info:    Checking defaults for C49/song/m/n on input line 123.
LaTeX Font Info:    ... okay on input line 123.
LaTeX Font Info:    Checking defaults for C60/mj/m/n on input line 123.
LaTeX Font Info:    ... okay on input line 123.
LaTeX Font Info:    Checking defaults for C61/mj/m/n on input line 123.
LaTeX Font Info:    ... okay on input line 123.
LaTeX Font Info:    Checking defaults for C63/mj/m/n on input line 123.
LaTeX Font Info:    ... okay on input line 123.
LaTeX Font Info:    Checking defaults for C64/mj/m/n on input line 123.
LaTeX Font Info:    ... okay on input line 123.
LaTeX Font Info:    Checking defaults for C65/mj/m/n on input line 123.
LaTeX Font Info:    ... okay on input line 123.
LaTeX Font Info:    Checking defaults for C70/song/m/n on input line 123.
LaTeX Font Info:    ... okay on input line 123.
LaTeX Font Info:    Checking defaults for C31/song/m/n on input line 123.
LaTeX Font Info:    ... okay on input line 123.
LaTeX Font Info:    Checking defaults for C32/song/m/n on input line 123.
LaTeX Font Info:    ... okay on input line 123.
LaTeX Font Info:    Checking defaults for C33/song/m/n on input line 123.
LaTeX Font Info:    ... okay on input line 123.
LaTeX Font Info:    Checking defaults for C34/song/m/n on input line 123.
LaTeX Font Info:    ... okay on input line 123.
LaTeX Font Info:    Checking defaults for C35/song/m/n on input line 123.
LaTeX Font Info:    ... okay on input line 123.
LaTeX Font Info:    Checking defaults for C36/song/m/n on input line 123.
LaTeX Font Info:    ... okay on input line 123.
LaTeX Font Info:    Checking defaults for C37/song/m/n on input line 123.
LaTeX Font Info:    ... okay on input line 123.
LaTeX Font Info:    Checking defaults for C80/song/m/n on input line 123.
LaTeX Font Info:    ... okay on input line 123.
LaTeX Font Info:    Checking defaults for C81/song/m/n on input line 123.
LaTeX Font Info:    ... okay on input line 123.
LaTeX Font Info:    Checking defaults for C01/song/m/n on input line 123.
LaTeX Font Info:    ... okay on input line 123.
LaTeX Font Info:    Checking defaults for C11/song/m/n on input line 123.
LaTeX Font Info:    ... okay on input line 123.
LaTeX Font Info:    Checking defaults for C21/song/m/n on input line 123.
LaTeX Font Info:    ... okay on input line 123.
LaTeX Font Info:    Checking defaults for C41/song/m/n on input line 123.
LaTeX Font Info:    ... okay on input line 123.
LaTeX Font Info:    Checking defaults for C62/song/m/n on input line 123.
LaTeX Font Info:    ... okay on input line 123.
LaTeX Font Info:    Try loading font information for OT1+ptm on input line 123.

 (C:\CTEX\MiKTeX\tex\latex\psnfss\ot1ptm.fd
File: ot1ptm.fd 2001/06/04 font definitions for OT1/ptm.
)
(C:\CTEX\MiKTeX\tex\latex\ms\ragged2e.sty
Package: ragged2e 2009/05/21 v2.1 ragged2e Package (MS)

(C:\CTEX\MiKTeX\tex\latex\ms\everysel.sty
Package: everysel 2011/10/28 v1.2 EverySelectfont Package (MS)

ABD: EverySelectfont initializing macros
LaTeX Info: Redefining \selectfont on input line 126.
)
\CenteringLeftskip=\skip71
\RaggedLeftLeftskip=\skip72
\RaggedRightLeftskip=\skip73
\CenteringRightskip=\skip74
\RaggedLeftRightskip=\skip75
\RaggedRightRightskip=\skip76
\CenteringParfillskip=\skip77
\RaggedLeftParfillskip=\skip78
\RaggedRightParfillskip=\skip79
\JustifyingParfillskip=\skip80
\CenteringParindent=\skip81
\RaggedLeftParindent=\skip82
\RaggedRightParindent=\skip83
\JustifyingParindent=\skip84
)
\c@lstlisting=\count202
LaTeX Font Info:    Try loading font information for C19+song on input line 134
.

(C:\CTEX\CTeX\tex\latex\CJK\GB\c19song.fd
File: c19song.fd 2009/09/23 4.8.2
) [1

] [2


]
LaTeX Font Info:    Font shape `OT1/ptm/bx/n' in size <14.4> not available
(Font)              Font shape `OT1/ptm/b/n' tried instead on input line 139.
 [5]
(D:\coolpan\adbookNew\preface.tex [6



]
LaTeX Font Info:    Font shape `OT1/ptm/bx/n' in size <20.74> not available
(Font)              Font shape `OT1/ptm/b/n' tried instead on input line 6.


Package mathptmx Warning: There are no bold math fonts on input line 6.

[7]) [8




] (D:\coolpan\adbookNew\ALM-Monograph.toc
LaTeX Font Info:    Font shape `OT1/ptm/bx/n' in size <10> not available
(Font)              Font shape `OT1/ptm/b/n' tried instead on input line 1.
LaTeX Font Info:    Try loading font information for OT1+ztmcm on input line 2.


(C:\CTEX\MiKTeX\tex\latex\psnfss\ot1ztmcm.fd
File: ot1ztmcm.fd 2000/01/03 Fontinst v1.801 font definitions for OT1/ztmcm.
)
LaTeX Font Info:    Try loading font information for OML+ztmcm on input line 2.


(C:\CTEX\MiKTeX\tex\latex\psnfss\omlztmcm.fd
File: omlztmcm.fd 2000/01/03 Fontinst v1.801 font definitions for OML/ztmcm.
)
LaTeX Font Info:    Try loading font information for OMS+ztmcm on input line 2.


(C:\CTEX\MiKTeX\tex\latex\psnfss\omsztmcm.fd
File: omsztmcm.fd 2000/01/03 Fontinst v1.801 font definitions for OMS/ztmcm.
)
LaTeX Font Info:    Try loading font information for OMX+ztmcm on input line 2.


(C:\CTEX\MiKTeX\tex\latex\psnfss\omxztmcm.fd
File: omxztmcm.fd 2000/01/03 Fontinst v1.801 font definitions for OMX/ztmcm.
)
LaTeX Font Info:    Try loading font information for U+lasy on input line 2.

(C:\CTEX\MiKTeX\tex\latex\base\ulasy.fd
File: ulasy.fd 1998/08/17 v2.2e LaTeX symbol font definitions
)
LaTeX Font Info:    Font shape `OT1/ptm/bx/n' in size <7.4> not available
(Font)              Font shape `OT1/ptm/b/n' tried instead on input line 2.
LaTeX Font Info:    Font shape `OT1/ptm/bx/n' in size <6> not available
(Font)              Font shape `OT1/ptm/b/n' tried instead on input line 2.
LaTeX Font Info:    Try loading font information for U+rsfs on input line 2.

(C:\CTEX\MiKTeX\tex\latex\jknappen\ursfs.fd
File: ursfs.fd 1998/03/24 rsfs font definition file (jk)
) [9] [10] [11] [12] [13])
\tf@toc=\write6
 [14]
LaTeX Font Info:    Font shape `OT1/ptm/bx/n' in size <24.88> not available
(Font)              Font shape `OT1/ptm/b/n' tried instead on input line 149.

[1




] [2] (D:\coolpan\adbookNew\ch1.tex
Chapter 1.
[3



]
LaTeX Font Info:    Font shape `OT1/ptm/bx/n' in size <12> not available
(Font)              Font shape `OT1/ptm/b/n' tried instead on input line 25.
LaTeX Font Info:    Try loading font information for C19+kai on input line 29.
 (C:\CTEX\CTeX\tex\latex\CJK\GB\c19kai.fd
File: c19kai.fd 2009/09/23 4.8.2
) [4]
File: banner.eps Graphic file (type eps)
 <banner.eps>
LaTeX Font Info:    Font shape `OT1/ptm/bx/n' in size <9> not available
(Font)              Font shape `OT1/ptm/b/n' tried instead on input line 52.
File: textual.eps Graphic file (type eps)
 <textual.eps>
[5]
File: rich.eps Graphic file (type eps)
 <rich.eps>
File: video.eps Graphic file (type eps)
 <video.eps> [6]
File: edm.eps Graphic file (type eps)
 <edm.eps> [7] [8] [9] [10]
File: LUMA.eps Graphic file (type eps)
 <LUMA.eps>
File: stage.eps Graphic file (type eps)

<stage.eps> [11] [12] [13] [14]) (D:\coolpan\adbookNew\ch2.tex
Chapter 2.
[15





]) (D:\coolpan\adbookNew\ch3.tex [16





]
Chapter 3.
[17]
LaTeX Font Info:    Font shape `OT1/ptm/bx/n' in size <7> not available
(Font)              Font shape `OT1/ptm/b/n' tried instead on input line 30.
LaTeX Font Info:    Font shape `OT1/ptm/bx/n' in size <5> not available
(Font)              Font shape `OT1/ptm/b/n' tried instead on input line 30.
 [18] [19] [20] [21]
File: Architect.eps Graphic file (type eps)
 <Architect.eps> [22] [23] [24]) [25




] [26]
(D:\coolpan\adbookNew\ch4.tex
Chapter 1.
[27



] [28] [29] [30]) (D:\coolpan\adbookNew\ch5.tex
Chapter 2.
[31





] [32] [33] [34]
Overfull \hbox (16.09811pt too wide) in paragraph at lines 76--77
[][]\OT1/ptm/m/n/10 Google\C19/song/bx/n/10/65 g \C19/song/bx/n/10/39 l\OT1/ptm
/m/n/10 Adsense\C19/song/m/n/10/46 ? \C19/song/bx/n/10/54 \ ˛ \C19/song/m/n/10/
59 e \C19/song/bx/n/10/58 © \C19/song/bx/n/10/43 2 \C19/song/bx/n/10/42 w \C19/
song/bx/n/10/49 + \C19/song/m/n/10/62 ç \C19/song/bx/n/10/44   \C19/song/bx/n/1
0/26 ß \C19/song/m/n/10/62 q u\OT1/ptm/m/n/10 2008\C19/song/bx/n/10/51 c \C19/s
ong/m/n/10/55 ¬ \C19/song/bx/n/10/43 	 \C19/song/bx/n/10/49 
 \C19/song/m/n/10/59 w \C19/song/m/n/10/55 ´ \C19/song/bx/n/10/43 2 \C19/song/b
x/n/10/42 w \C19/song/bx/n/10/49 + \C19/song/m/n/10/62 ç \C19/song/bx/n/10/40 
 \C19/song/m/n/10/46 „ \C19/song/bx/n/10/57 ﬁ\OT1/ptm/m/n/10 Doubleclick\C19/so
ng/bx/n/10/25 "
 []

File: google.eps Graphic file (type eps)
<google.eps> [35] [36] [37]
File: ss.eps Graphic file (type eps)
 <ss.eps> [38] [39] [40] [41])
(D:\coolpan\adbookNew\ch6.tex [42





]
Chapter 3.
[43] [44] [45] [46]
File: personal.eps Graphic file (type eps)
 <personal.eps> [47]
File: Preferred.eps Graphic file (type eps)
 <Preferred.eps> [48]
File: Dynamic.eps Graphic file (type eps)
 <Dynamic.eps>
[49] [50] [51] [52] [53] [54]
File: market.eps Graphic file (type eps)
 <market.eps> [55] [56]) [57




] [58]
(D:\coolpan\adbookNew\ch7.tex
Chapter 1.
LaTeX Font Info:    Try loading font information for OMS+ptm on input line 31.
(C:\CTEX\MiKTeX\tex\latex\psnfss\omsptm.fd
File: omsptm.fd 
)
LaTeX Font Info:    Font shape `OMS/ptm/m/n' in size <10> not available
(Font)              Font shape `OMS/cmsy/m/n' tried instead on input line 31.
 [59



]
(C:\CTEX\MiKTeX\tex\latex\listings\lstlang1.sty
File: lstlang1.sty 2004/09/05 1.3 listings language file
)
(C:\CTEX\MiKTeX\tex\latex\listings\lstlang1.sty
File: lstlang1.sty 2004/09/05 1.3 listings language file
)
(C:\CTEX\MiKTeX\tex\latex\listings\lstmisc.sty
File: lstmisc.sty 2007/02/22 1.4 (Carsten Heinz)
)
LaTeX Font Info:    Font shape `OT1/cmtt/bx/n' in size <9> not available
(Font)              Font shape `OT1/cmtt/m/n' tried instead on input line 46.
 [60] [61] [62] [63] [64]
LaTeX Font Info:    Font shape `U/lasy/b/n' in size <7.4> not available
(Font)              Font shape `U/lasy/m/n' tried instead on input line 196.
LaTeX Font Info:    Font shape `U/lasy/b/n' in size <6> not available
(Font)              Font shape `U/lasy/m/n' tried instead on input line 196.

[65]
LaTeX Font Info:    Font shape `U/lasy/b/n' in size <9> not available
(Font)              Font shape `U/lasy/m/n' tried instead on input line 237.
LaTeX Font Info:    Font shape `U/lasy/b/n' in size <7> not available
(Font)              Font shape `U/lasy/m/n' tried instead on input line 237.
LaTeX Font Info:    Font shape `U/lasy/b/n' in size <5> not available
(Font)              Font shape `U/lasy/m/n' tried instead on input line 237.
 [66] [67] [68] [69]
Overfull \hbox (6.2579pt too wide) in paragraph at lines 350--352
[]\C19/song/m/n/10/62 d u \C19/song/m/n/10/55 ¥ \C19/song/bx/n/10/42 ä \C19/son
g/m/n/10/46 ‚\OT1/ptm/m/n/10 evidence\C19/song/bx/n/10/48 5 \C19/song/bx/n/10/5
4 ( \C19/song/bx/n/10/40 Ω \C19/song/bx/n/10/38 á \C19/song/bx/n/10/37 Î \C19/s
ong/m/n/10/55 Í \C19/song/bx/n/10/26 ß \C19/song/m/n/10/63 ˘ \C19/song/bx/n/10/
61 ò \C19/song/bx/n/10/41 ê { \C19/song/bx/n/10/47 µ \C19/song/bx/n/10/45 e \C1
9/song/m/n/10/62 q \C19/song/bx/n/10/38 ° \C19/song/bx/n/10/58 è\OT1/ptm/m/n/10
 Evidence Frame-work\C19/song/bx/n/10/25 " \C19/song/bx/n/10/60 I \C19/song/bx/
n/10/61 á \C19/song/m/n/10/56 ` \C19/song/m/n/10/50 ≤ \C19/song/bx/n/10/26 ß\OT
1/ptm/m/n/10 Evidence
 []

[70]
File: process.eps Graphic file (type eps)
 <process.eps> [71]) (D:\coolpan\adbookNew\ch8.tex [72





]
Chapter 2.
File: GD.eps Graphic file (type eps)
<GD.eps> [73]
File: Allocation.eps Graphic file (type eps)
 <Allocation.eps> [74] [75] [76] [77] [78] [79] [80] [81] [82]
[83] [84]) (D:\coolpan\adbookNew\ch9.tex
Chapter 3.
[85





]
File: target.eps Graphic file (type eps)
 <target.eps> [86] [87] [88] [89]
File: contextual.eps Graphic file (type eps)
 <contextual.eps> [90] [91] [92]
File: decay.eps Graphic file (type eps)

<decay.eps> [93] [94] [95]
File: reachctr.eps Graphic file (type eps)
 <reachctr.eps> [96] [97] [98] [99] [100])
(D:\coolpan\adbookNew\ch10.tex
Chapter 4.
[101





] [102] [103] [104]
File: AdNet.eps Graphic file (type eps)
 <AdNet.eps> [105] [106] [107] [108] [109] [110]
[111] [112] [113] [114] [115] [116] [117] [118] [119] [120] [121] [122]
[123] [124] [125] [126]
File: rare.eps Graphic file (type eps)
 <rare.eps> [127] [128] [129] [130] [131]
File: PR.eps Graphic file (type eps)
 <PR.eps>
File: ROC.eps Graphic file (type eps)

<ROC.eps> [132] [133] [134] [135] [136] [137] [138]
File: ss.eps Graphic file (type eps)
 <ss.eps> [139] [140]
[141] [142] [143]) (D:\coolpan\adbookNew\ch11.tex [144





]
Chapter 5.
File: DSP.eps Graphic file (type eps)
<DSP.eps> [145]
File: DMP.eps Graphic file (type eps)
 <DMP.eps>
File: Adx.eps Graphic file (type eps)
 <Adx.eps>
File: RTB.eps Graphic file (type eps)
 <RTB.eps> [146] [147]
File: ckmapping-2domain.eps Graphic file (type eps)

<ckmapping-2domain.eps> [148]
File: ckmapping-3domain.eps Graphic file (type eps)
 <ckmapping-3domain.eps> [149] [150])
(D:\coolpan\adbookNew\ch12.tex
Chapter 6.
[151





]
File: creative.eps Graphic file (type eps)
 <creative.eps> [152] [153]
File: creative.eps Graphic file (type eps)
 <creative.eps> [154] [155] [156] [157])
[158




] [159] [160] [161] (D:\coolpan\adbookNew\ALM-Monograph.aux
(D:\coolpan\adbookNew\preface.aux) (D:\coolpan\adbookNew\ch1.aux)
(D:\coolpan\adbookNew\ch2.aux) (D:\coolpan\adbookNew\ch3.aux)
(D:\coolpan\adbookNew\ch4.aux) (D:\coolpan\adbookNew\ch5.aux)
(D:\coolpan\adbookNew\ch6.aux) (D:\coolpan\adbookNew\ch7.aux)
(D:\coolpan\adbookNew\ch8.aux) (D:\coolpan\adbookNew\ch9.aux)
(D:\coolpan\adbookNew\ch10.aux) (D:\coolpan\adbookNew\ch11.aux)
(D:\coolpan\adbookNew\ch12.aux))

LaTeX Warning: There were multiply-defined labels.

 ) 
Here is how much of TeX's memory you used:
 11762 strings out of 495355
 157478 string characters out of 3183882
 398567 words of memory out of 3000000
 14513 multiletter control sequences out of 15000+200000
 94002 words of font info for 302 fonts, out of 3000000 for 9000
 14 hyphenation exceptions out of 8191
 37i,17n,62p,1443b,2600s stack positions out of 5000i,500n,10000p,200000b,50000s

Output written on ALM-Monograph.dvi (173 pages, 856496 bytes).
