This is pdfTeX, Version 3.1415926-2.3-1.40.12 (MiKTeX 2.9) (preloaded format=latex 2012.11.16)  21 JAN 2013 16:37
entering extended mode
**ch7.tex
(D:\alm\ch7.tex
LaTeX2e <2011/06/27>
Babel <v3.8m> and hyphenation patterns for loaded.

! LaTeX Error: Environment CJK* undefined.

See the LaTeX manual or LaTeX Companion for explanation.
Type  H <return>  for immediate help.
 ...                                              
                                                  
l.3 \begin{CJK*}
                {GBK}{song}
? 

! LaTeX Error: Missing \begin{document}.

See the LaTeX manual or LaTeX Companion for explanation.
Type  H <return>  for immediate help.
 ...                                              
                                                  
l.3 \begin{CJK*}{G
                  BK}{song}
? 
! Emergency stop.
 ...                                              
                                                  
l.3 \begin{CJK*}{G
                  BK}{song}
You're in trouble here.  Try typing  <return>  to proceed.
If that doesn't work, type  X <return>  to quit.

 
Here is how much of TeX's memory you used:
 9 strings out of 495355
 225 string characters out of 3183881
 44842 words of memory out of 3000000
 3277 multiletter control sequences out of 15000+200000
 3640 words of font info for 14 fonts, out of 3000000 for 9000
 14 hyphenation exceptions out of 8191
 6i,0n,4p,38b,18s stack positions out of 5000i,500n,10000p,200000b,50000s
No pages of output.
